2022-11-28 23:33:54.871  INFO 2372 --- [restartedMain] c.k.KodluyoruzSpringBootApplication      : Starting KodluyoruzSpringBootApplication using Java 18.0.2.1 on DESKTOP-J7UDMU1 with PID 2372 (C:\Users\ynskr\IdeaProjects\KodluyoruzSpringBoot\target\classes started by ynskrc in C:\Users\ynskr\IdeaProjects\KodluyoruzSpringBoot)
2022-11-28 23:33:54.968  INFO 2372 --- [restartedMain] c.k.KodluyoruzSpringBootApplication      : No active profile set, falling back to 1 default profile: "default"
2022-11-28 23:33:55.343  INFO 2372 --- [restartedMain] .e.DevToolsPropertyDefaultsPostProcessor : Devtools property defaults active! Set 'spring.devtools.add-properties' to 'false' to disable
2022-11-28 23:33:55.359  INFO 2372 --- [restartedMain] .e.DevToolsPropertyDefaultsPostProcessor : For additional web related logging consider setting the 'logging.level.web' property to 'DEBUG'
2022-11-28 23:34:03.117  INFO 2372 --- [restartedMain] .s.d.r.c.RepositoryConfigurationDelegate : Bootstrapping Spring Data JPA repositories in DEFAULT mode.
2022-11-28 23:34:03.212  INFO 2372 --- [restartedMain] .s.d.r.c.RepositoryConfigurationDelegate : Finished Spring Data repository scanning in 27 ms. Found 0 JPA repository interfaces.
2022-11-28 23:34:05.497  INFO 2372 --- [restartedMain] o.s.b.w.embedded.tomcat.TomcatWebServer  : Tomcat initialized with port(s): 8086 (http)
2022-11-28 23:34:05.531  INFO 2372 --- [restartedMain] o.apache.catalina.core.StandardService   : Starting service [Tomcat]
2022-11-28 23:34:05.537  INFO 2372 --- [restartedMain] org.apache.catalina.core.StandardEngine  : Starting Servlet engine: [Apache Tomcat/9.0.68]
2022-11-28 23:34:05.863  INFO 2372 --- [restartedMain] o.a.c.c.C.[Tomcat].[localhost].[/]       : Initializing Spring embedded WebApplicationContext
2022-11-28 23:34:05.864  INFO 2372 --- [restartedMain] w.s.c.ServletWebServerApplicationContext : Root WebApplicationContext: initialization completed in 10493 ms
2022-11-28 23:34:06.684  INFO 2372 --- [restartedMain] o.hibernate.jpa.internal.util.LogHelper  : HHH000204: Processing PersistenceUnitInfo [name: default]
2022-11-28 23:34:06.942  INFO 2372 --- [restartedMain] org.hibernate.Version                    : HHH000412: Hibernate ORM core version 5.6.12.Final
2022-11-28 23:34:07.667  INFO 2372 --- [restartedMain] o.hibernate.annotations.common.Version   : HCANN000001: Hibernate Commons Annotations {5.1.2.Final}
2022-11-28 23:34:08.185  INFO 2372 --- [restartedMain] com.zaxxer.hikari.HikariDataSource       : HikariPool-1 - Starting...
2022-11-28 23:34:08.944  INFO 2372 --- [restartedMain] com.zaxxer.hikari.HikariDataSource       : HikariPool-1 - Start completed.
2022-11-28 23:34:09.089  INFO 2372 --- [restartedMain] org.hibernate.dialect.Dialect            : HHH000400: Using dialect: org.hibernate.dialect.PostgreSQL10Dialect
2022-11-28 23:34:10.141  INFO 2372 --- [restartedMain] o.h.e.t.j.p.i.JtaPlatformInitiator       : HHH000490: Using JtaPlatform implementation: [org.hibernate.engine.transaction.jta.platform.internal.NoJtaPlatform]
2022-11-28 23:34:10.174  INFO 2372 --- [restartedMain] j.LocalContainerEntityManagerFactoryBean : Initialized JPA EntityManagerFactory for persistence unit 'default'
2022-11-28 23:34:10.260  INFO 2372 --- [restartedMain] com.karaca.dto.BeanDto                   : bean başlamadan önce ben varın
2022-11-28 23:34:10.461  WARN 2372 --- [restartedMain] JpaBaseConfiguration$JpaWebConfiguration : spring.jpa.open-in-view is enabled by default. Therefore, database queries may be performed during view rendering. Explicitly configure spring.jpa.open-in-view to disable this warning
2022-11-28 23:34:11.059  INFO 2372 --- [restartedMain] o.s.b.a.w.s.WelcomePageHandlerMapping    : Adding welcome page template: index
2022-11-28 23:34:12.357  INFO 2372 --- [restartedMain] o.s.b.d.a.OptionalLiveReloadServer       : LiveReload server is running on port 35729
2022-11-28 23:34:12.387  INFO 2372 --- [restartedMain] o.s.b.a.e.web.EndpointLinksResolver      : Exposing 1 endpoint(s) beneath base path '/actuator'
2022-11-28 23:34:12.551  INFO 2372 --- [restartedMain] o.s.b.w.embedded.tomcat.TomcatWebServer  : Tomcat started on port(s): 8086 (http) with context path ''
2022-11-28 23:34:12.619  INFO 2372 --- [restartedMain] c.k.KodluyoruzSpringBootApplication      : Started KodluyoruzSpringBootApplication in 19.016 seconds (JVM running for 22.778)
2022-11-28 23:34:13.082  INFO 2372 --- [RMI TCP Connection(4)-192.168.1.7] o.a.c.c.C.[Tomcat].[localhost].[/]       : Initializing Spring DispatcherServlet 'dispatcherServlet'
2022-11-28 23:34:13.083  INFO 2372 --- [RMI TCP Connection(4)-192.168.1.7] o.s.web.servlet.DispatcherServlet        : Initializing Servlet 'dispatcherServlet'
2022-11-28 23:34:13.099  INFO 2372 --- [RMI TCP Connection(4)-192.168.1.7] o.s.web.servlet.DispatcherServlet        : Completed initialization in 14 ms
2022-11-28 23:46:11.004  INFO 2372 --- [SpringApplicationShutdownHook] com.karaca.dto.BeanDto                   : bean bittikten önce ben varın
2022-11-28 23:46:11.007  INFO 2372 --- [SpringApplicationShutdownHook] j.LocalContainerEntityManagerFactoryBean : Closing JPA EntityManagerFactory for persistence unit 'default'
2022-11-28 23:46:11.170  INFO 2372 --- [SpringApplicationShutdownHook] com.zaxxer.hikari.HikariDataSource       : HikariPool-1 - Shutdown initiated...
2022-11-28 23:46:11.290  INFO 2372 --- [SpringApplicationShutdownHook] com.zaxxer.hikari.HikariDataSource       : HikariPool-1 - Shutdown completed.
2022-11-28 23:46:25.816  INFO 12844 --- [restartedMain] c.k.KodluyoruzSpringBootApplication      : Starting KodluyoruzSpringBootApplication using Java 18.0.2.1 on DESKTOP-J7UDMU1 with PID 12844 (C:\Users\ynskr\IdeaProjects\KodluyoruzSpringBoot\target\classes started by ynskrc in C:\Users\ynskr\IdeaProjects\KodluyoruzSpringBoot)
2022-11-28 23:46:25.820  INFO 12844 --- [restartedMain] c.k.KodluyoruzSpringBootApplication      : No active profile set, falling back to 1 default profile: "default"
2022-11-28 23:46:25.983  INFO 12844 --- [restartedMain] .e.DevToolsPropertyDefaultsPostProcessor : Devtools property defaults active! Set 'spring.devtools.add-properties' to 'false' to disable
2022-11-28 23:46:25.984  INFO 12844 --- [restartedMain] .e.DevToolsPropertyDefaultsPostProcessor : For additional web related logging consider setting the 'logging.level.web' property to 'DEBUG'
2022-11-28 23:46:28.020  INFO 12844 --- [restartedMain] .s.d.r.c.RepositoryConfigurationDelegate : Bootstrapping Spring Data JPA repositories in DEFAULT mode.
2022-11-28 23:46:28.062  INFO 12844 --- [restartedMain] .s.d.r.c.RepositoryConfigurationDelegate : Finished Spring Data repository scanning in 12 ms. Found 0 JPA repository interfaces.
2022-11-28 23:46:29.114  INFO 12844 --- [restartedMain] o.s.b.w.embedded.tomcat.TomcatWebServer  : Tomcat initialized with port(s): 8086 (http)
2022-11-28 23:46:29.132  INFO 12844 --- [restartedMain] o.apache.catalina.core.StandardService   : Starting service [Tomcat]
2022-11-28 23:46:29.133  INFO 12844 --- [restartedMain] org.apache.catalina.core.StandardEngine  : Starting Servlet engine: [Apache Tomcat/9.0.68]
2022-11-28 23:46:29.260  INFO 12844 --- [restartedMain] o.a.c.c.C.[Tomcat].[localhost].[/]       : Initializing Spring embedded WebApplicationContext
2022-11-28 23:46:29.261  INFO 12844 --- [restartedMain] w.s.c.ServletWebServerApplicationContext : Root WebApplicationContext: initialization completed in 3274 ms
2022-11-28 23:46:29.774  INFO 12844 --- [restartedMain] o.hibernate.jpa.internal.util.LogHelper  : HHH000204: Processing PersistenceUnitInfo [name: default]
2022-11-28 23:46:29.889  INFO 12844 --- [restartedMain] org.hibernate.Version                    : HHH000412: Hibernate ORM core version 5.6.12.Final
2022-11-28 23:46:30.234  INFO 12844 --- [restartedMain] o.hibernate.annotations.common.Version   : HCANN000001: Hibernate Commons Annotations {5.1.2.Final}
2022-11-28 23:46:30.416  INFO 12844 --- [restartedMain] com.zaxxer.hikari.HikariDataSource       : HikariPool-1 - Starting...
2022-11-28 23:46:30.706  INFO 12844 --- [restartedMain] com.zaxxer.hikari.HikariDataSource       : HikariPool-1 - Start completed.
2022-11-28 23:46:30.761  INFO 12844 --- [restartedMain] org.hibernate.dialect.Dialect            : HHH000400: Using dialect: org.hibernate.dialect.PostgreSQL10Dialect
2022-11-28 23:46:31.365  INFO 12844 --- [restartedMain] o.h.e.t.j.p.i.JtaPlatformInitiator       : HHH000490: Using JtaPlatform implementation: [org.hibernate.engine.transaction.jta.platform.internal.NoJtaPlatform]
2022-11-28 23:46:31.390  INFO 12844 --- [restartedMain] j.LocalContainerEntityManagerFactoryBean : Initialized JPA EntityManagerFactory for persistence unit 'default'
2022-11-28 23:46:31.464  INFO 12844 --- [restartedMain] com.karaca.dto.BeanDto                   : bean başlamadan önce ben varın
2022-11-28 23:46:31.574  WARN 12844 --- [restartedMain] JpaBaseConfiguration$JpaWebConfiguration : spring.jpa.open-in-view is enabled by default. Therefore, database queries may be performed during view rendering. Explicitly configure spring.jpa.open-in-view to disable this warning
2022-11-28 23:46:31.955  INFO 12844 --- [restartedMain] o.s.b.a.w.s.WelcomePageHandlerMapping    : Adding welcome page template: index
2022-11-28 23:46:32.613  INFO 12844 --- [restartedMain] o.s.b.d.a.OptionalLiveReloadServer       : LiveReload server is running on port 35729
2022-11-28 23:46:32.625  INFO 12844 --- [restartedMain] o.s.b.a.e.web.EndpointLinksResolver      : Exposing 1 endpoint(s) beneath base path '/actuator'
2022-11-28 23:46:32.732  INFO 12844 --- [restartedMain] o.s.b.w.embedded.tomcat.TomcatWebServer  : Tomcat started on port(s): 8086 (http) with context path ''
2022-11-28 23:46:32.763  INFO 12844 --- [restartedMain] c.k.KodluyoruzSpringBootApplication      : Started KodluyoruzSpringBootApplication in 7.818 seconds (JVM running for 9.66)
2022-11-28 23:46:33.343  INFO 12844 --- [RMI TCP Connection(2)-192.168.1.7] o.a.c.c.C.[Tomcat].[localhost].[/]       : Initializing Spring DispatcherServlet 'dispatcherServlet'
2022-11-28 23:46:33.343  INFO 12844 --- [RMI TCP Connection(2)-192.168.1.7] o.s.web.servlet.DispatcherServlet        : Initializing Servlet 'dispatcherServlet'
2022-11-28 23:46:33.346  INFO 12844 --- [RMI TCP Connection(2)-192.168.1.7] o.s.web.servlet.DispatcherServlet        : Completed initialization in 2 ms
